#
# There is insufficient memory for the Java Runtime Environment to continue.
# Native memory allocation (malloc) failed to allocate 1141632 bytes for Chunk::new
# Possible reasons:
#   The system is out of physical RAM or swap space
#   In 32 bit mode, the process size limit was hit
# Possible solutions:
#   Reduce memory load on the system
#   Increase physical memory or swap space
#   Check if swap backing store is full
#   Use 64 bit Java on a 64 bit OS
#   Decrease Java heap size (-Xmx/-Xms)
#   Decrease number of Java threads
#   Decrease Java thread stack sizes (-Xss)
#   Set larger code cache with -XX:ReservedCodeCacheSize=
# This output file may be truncated or incomplete.
#
#  Out of Memory Error (allocation.cpp:390), pid=172848, tid=133308
#
# JRE version: Java(TM) SE Runtime Environment (8.0_77-b03) (build 1.8.0_77-b03)
# Java VM: Java HotSpot(TM) 64-Bit Server VM (25.77-b03 mixed mode windows-amd64 compressed oops)
# Failed to write core dump. Minidumps are not enabled by default on client versions of Windows
#

---------------  T H R E A D  ---------------

Current thread (0x000000001e036800):  JavaThread "C2 CompilerThread1" daemon [_thread_in_native, id=133308, stack(0x000000001f750000,0x000000001f850000)]

Stack: [0x000000001f750000,0x000000001f850000]
[error occurred during error reporting (printing stack bounds), id 0xc0000005]

Native frames: (J=compiled Java code, j=interpreted, Vv=VM code, C=native code)


Current CompileTask:
C2:  11948 5382       4       com.sun.tools.javac.comp.Attr::checkIdInternal (680 bytes)


---------------  P R O C E S S  ---------------

Java Threads: ( => current thread )
  0x000000001e0cd800 JavaThread "Service Thread" daemon [_thread_blocked, id=171240, stack(0x000000001fa50000,0x000000001fb50000)]
  0x000000001e038000 JavaThread "C1 CompilerThread3" daemon [_thread_in_native, id=164056, stack(0x000000001f950000,0x000000001fa50000)]
  0x000000001e037000 JavaThread "C2 CompilerThread2" daemon [_thread_in_native, id=115176, stack(0x000000001f850000,0x000000001f950000)]
=>0x000000001e036800 JavaThread "C2 CompilerThread1" daemon [_thread_in_native, id=133308, stack(0x000000001f750000,0x000000001f850000)]
  0x000000001e02b000 JavaThread "C2 CompilerThread0" daemon [_thread_in_native, id=176024, stack(0x000000001f650000,0x000000001f750000)]
  0x000000001e033000 JavaThread "Monitor Ctrl-Break" daemon [_thread_in_native, id=175672, stack(0x000000001f550000,0x000000001f650000)]
  0x000000001dfb0000 JavaThread "Attach Listener" daemon [_thread_blocked, id=174776, stack(0x000000001f450000,0x000000001f550000)]
  0x000000001dfae800 JavaThread "Signal Dispatcher" daemon [_thread_blocked, id=89584, stack(0x000000001f350000,0x000000001f450000)]
  0x000000001df93000 JavaThread "Finalizer" daemon [_thread_blocked, id=176856, stack(0x000000001f1f0000,0x000000001f2f0000)]
  0x000000001c8bd000 JavaThread "Reference Handler" daemon [_thread_blocked, id=155904, stack(0x000000001f0f0000,0x000000001f1f0000)]
  0x000000000051e800 JavaThread "main" [_thread_in_Java, id=167764, stack(0x0000000002960000,0x0000000002a60000)]

Other Threads:
  0x000000001c8b6800 VMThread [stack: 0x000000001eff0000,0x000000001f0f0000] [id=178400]
  0x000000001e127000 WatcherThread [stack: 0x000000001fb50000,0x000000001fc50000] [id=172240]

VM state:not at safepoint (normal execution)

VM Mutex/Monitor currently owned by a thread: None

Heap:
 PSYoungGen      total 124928K, used 105245K [0x000000076b980000, 0x0000000774600000, 0x00000007c0000000)
  eden space 107008K, 86% used [0x000000076b980000,0x00000007713a71e8,0x0000000772200000)
  from space 17920K, 72% used [0x0000000773480000,0x00000007741205b0,0x0000000774600000)
  to   space 18432K, 0% used [0x0000000772200000,0x0000000772200000,0x0000000773400000)
 ParOldGen       total 110080K, used 25708K [0x00000006c2c00000, 0x00000006c9780000, 0x000000076b980000)
  object space 110080K, 23% used [0x00000006c2c00000,0x00000006c451b3f0,0x00000006c9780000)
 Metaspace       used 25562K, capacity 26116K, committed 26160K, reserved 1073152K
  class space    used 2940K, capacity 3088K, committed 3120K, reserved 1048576K

Card table byte_map: [0x0000000012100000,0x00000000128f0000] byte_map_base: 0x000000000eaea000

Marking Bits: (ParMarkBitMap*) 0x000000005c2a0600
 Begin Bits: [0x0000000013840000, 0x0000000017790000)
 End Bits:   [0x0000000017790000, 0x000000001b6e0000)

Polling page: 0x00000000001f0000

CodeCache: size=245760Kb used=18474Kb max_used=18497Kb free=227285Kb
 bounds [0x0000000002d40000, 0x0000000003f70000, 0x0000000011d40000]
 total_blobs=5412 nmethods=4992 adapters=331
 compilation: enabled

Compilation events (10 events):
Event: 11.945 Thread 0x000000001e038000 5597       3       com.sun.tools.javac.code.Scope$CompoundScope$2$1::nextIterator (24 bytes)
Event: 11.945 Thread 0x000000001e038000 nmethod 5597 0x0000000003f4e210 code [0x0000000003f4e380, 0x0000000003f4e678]
Event: 11.945 Thread 0x000000001e038000 5595       3       com.sun.tools.javac.code.Types$DefaultTypeVisitor::visitClassType (7 bytes)
Event: 11.945 Thread 0x000000001e038000 nmethod 5595 0x0000000003f4e790 code [0x0000000003f4e900, 0x0000000003f4eb08]
Event: 11.945 Thread 0x000000001e038000 5598       3       com.sun.tools.javac.code.Scope$CompoundScope::getElementsByName (11 bytes)
Event: 11.946 Thread 0x000000001e038000 nmethod 5598 0x0000000003f4eb90 code [0x0000000003f4ed00, 0x0000000003f4efb0]
Event: 11.946 Thread 0x000000001e038000 5599       3       com.sun.tools.javac.code.Scope$CompoundScope$2::<init> (20 bytes)
Event: 11.946 Thread 0x000000001e038000 nmethod 5599 0x0000000003f505d0 code [0x0000000003f50720, 0x0000000003f50910]
Event: 11.946 Thread 0x000000001e038000 5600       3       com.sun.tools.javac.code.Scope$CompoundScope$2::iterator (16 bytes)
Event: 11.946 Thread 0x000000001e038000 nmethod 5600 0x0000000003f509d0 code [0x0000000003f50b60, 0x0000000003f50ee8]

GC Heap History (10 events):
Event: 7.803 GC heap before
{Heap before GC invocations=5 (full 0):
 PSYoungGen      total 75776K, used 75768K [0x000000076b980000, 0x0000000770e00000, 0x00000007c0000000)
  eden space 65024K, 100% used [0x000000076b980000,0x000000076f900000,0x000000076f900000)
  from space 10752K, 99% used [0x0000000770380000,0x0000000770dfe050,0x0000000770e00000)
  to   space 10752K, 0% used [0x000000076f900000,0x000000076f900000,0x0000000770380000)
 ParOldGen       total 173568K, used 9098K [0x00000006c2c00000, 0x00000006cd580000, 0x000000076b980000)
  object space 173568K, 5% used [0x00000006c2c00000,0x00000006c34e2910,0x00000006cd580000)
 Metaspace       used 18640K, capacity 19154K, committed 19200K, reserved 1067008K
  class space    used 2157K, capacity 2304K, committed 2304K, reserved 1048576K
Event: 7.812 GC heap after
Heap after GC invocations=5 (full 0):
 PSYoungGen      total 74240K, used 10743K [0x000000076b980000, 0x0000000771b80000, 0x00000007c0000000)
  eden space 63488K, 0% used [0x000000076b980000,0x000000076b980000,0x000000076f780000)
  from space 10752K, 99% used [0x000000076f900000,0x000000077037dc40,0x0000000770380000)
  to   space 18432K, 0% used [0x0000000770980000,0x0000000770980000,0x0000000771b80000)
 ParOldGen       total 173568K, used 13265K [0x00000006c2c00000, 0x00000006cd580000, 0x000000076b980000)
  object space 173568K, 7% used [0x00000006c2c00000,0x00000006c38f47b8,0x00000006cd580000)
 Metaspace       used 18640K, capacity 19154K, committed 19200K, reserved 1067008K
  class space    used 2157K, capacity 2304K, committed 2304K, reserved 1048576K
}
Event: 7.906 GC heap before
{Heap before GC invocations=6 (full 0):
 PSYoungGen      total 74240K, used 20018K [0x000000076b980000, 0x0000000771b80000, 0x00000007c0000000)
  eden space 63488K, 14% used [0x000000076b980000,0x000000076c28ede8,0x000000076f780000)
  from space 10752K, 99% used [0x000000076f900000,0x000000077037dc40,0x0000000770380000)
  to   space 18432K, 0% used [0x0000000770980000,0x0000000770980000,0x0000000771b80000)
 ParOldGen       total 173568K, used 13265K [0x00000006c2c00000, 0x00000006cd580000, 0x000000076b980000)
  object space 173568K, 7% used [0x00000006c2c00000,0x00000006c38f47b8,0x00000006cd580000)
 Metaspace       used 20740K, capacity 21234K, committed 21296K, reserved 1069056K
  class space    used 2463K, capacity 2592K, committed 2608K, reserved 1048576K
Event: 7.912 GC heap after
Heap after GC invocations=6 (full 0):
 PSYoungGen      total 81920K, used 11496K [0x000000076b980000, 0x0000000771b80000, 0x00000007c0000000)
  eden space 63488K, 0% used [0x000000076b980000,0x000000076b980000,0x000000076f780000)
  from space 18432K, 62% used [0x0000000770980000,0x00000007714ba040,0x0000000771b80000)
  to   space 10752K, 0% used [0x000000076f900000,0x000000076f900000,0x0000000770380000)
 ParOldGen       total 173568K, used 13273K [0x00000006c2c00000, 0x00000006cd580000, 0x000000076b980000)
  object space 173568K, 7% used [0x00000006c2c00000,0x00000006c38f67b8,0x00000006cd580000)
 Metaspace       used 20740K, capacity 21234K, committed 21296K, reserved 1069056K
  class space    used 2463K, capacity 2592K, committed 2608K, reserved 1048576K
}
Event: 7.912 GC heap before
{Heap before GC invocations=7 (full 1):
 PSYoungGen      total 81920K, used 11496K [0x000000076b980000, 0x0000000771b80000, 0x00000007c0000000)
  eden space 63488K, 0% used [0x000000076b980000,0x000000076b980000,0x000000076f780000)
  from space 18432K, 62% used [0x0000000770980000,0x00000007714ba040,0x0000000771b80000)
  to   space 10752K, 0% used [0x000000076f900000,0x000000076f900000,0x0000000770380000)
 ParOldGen       total 173568K, used 13273K [0x00000006c2c00000, 0x00000006cd580000, 0x000000076b980000)
  object space 173568K, 7% used [0x00000006c2c00000,0x00000006c38f67b8,0x00000006cd580000)
 Metaspace       used 20740K, capacity 21234K, committed 21296K, reserved 1069056K
  class space    used 2463K, capacity 2592K, committed 2608K, reserved 1048576K
Event: 7.967 GC heap after
Heap after GC invocations=7 (full 1):
 PSYoungGen      total 81920K, used 0K [0x000000076b980000, 0x0000000771b80000, 0x00000007c0000000)
  eden space 63488K, 0% used [0x000000076b980000,0x000000076b980000,0x000000076f780000)
  from space 18432K, 0% used [0x0000000770980000,0x0000000770980000,0x0000000771b80000)
  to   space 10752K, 0% used [0x000000076f900000,0x000000076f900000,0x0000000770380000)
 ParOldGen       total 110080K, used 20027K [0x00000006c2c00000, 0x00000006c9780000, 0x000000076b980000)
  object space 110080K, 18% used [0x00000006c2c00000,0x00000006c3f8eee0,0x00000006c9780000)
 Metaspace       used 20740K, capacity 21234K, committed 21296K, reserved 1069056K
  class space    used 2463K, capacity 2592K, committed 2608K, reserved 1048576K
}
Event: 9.141 GC heap before
{Heap before GC invocations=8 (full 1):
 PSYoungGen      total 81920K, used 63488K [0x000000076b980000, 0x0000000771b80000, 0x00000007c0000000)
  eden space 63488K, 100% used [0x000000076b980000,0x000000076f780000,0x000000076f780000)
  from space 18432K, 0% used [0x0000000770980000,0x0000000770980000,0x0000000771b80000)
  to   space 10752K, 0% used [0x000000076f900000,0x000000076f900000,0x0000000770380000)
 ParOldGen       total 110080K, used 20027K [0x00000006c2c00000, 0x00000006c9780000, 0x000000076b980000)
  object space 110080K, 18% used [0x00000006c2c00000,0x00000006c3f8eee0,0x00000006c9780000)
 Metaspace       used 23167K, capacity 23710K, committed 23856K, reserved 1071104K
  class space    used 2674K, capacity 2820K, committed 2864K, reserved 1048576K
Event: 9.147 GC heap after
Heap after GC invocations=8 (full 1):
 PSYoungGen      total 75776K, used 10736K [0x000000076b980000, 0x0000000774780000, 0x00000007c0000000)
  eden space 65024K, 0% used [0x000000076b980000,0x000000076b980000,0x000000076f900000)
  from space 10752K, 99% used [0x000000076f900000,0x000000077037c3f0,0x0000000770380000)
  to   space 19456K, 0% used [0x0000000773480000,0x0000000773480000,0x0000000774780000)
 ParOldGen       total 110080K, used 25700K [0x00000006c2c00000, 0x00000006c9780000, 0x000000076b980000)
  object space 110080K, 23% used [0x00000006c2c00000,0x00000006c45193f0,0x00000006c9780000)
 Metaspace       used 23167K, capacity 23710K, committed 23856K, reserved 1071104K
  class space    used 2674K, capacity 2820K, committed 2864K, reserved 1048576K
}
Event: 10.178 GC heap before
{Heap before GC invocations=9 (full 1):
 PSYoungGen      total 75776K, used 75760K [0x000000076b980000, 0x0000000774780000, 0x00000007c0000000)
  eden space 65024K, 100% used [0x000000076b980000,0x000000076f900000,0x000000076f900000)
  from space 10752K, 99% used [0x000000076f900000,0x000000077037c3f0,0x0000000770380000)
  to   space 19456K, 0% used [0x0000000773480000,0x0000000773480000,0x0000000774780000)
 ParOldGen       total 110080K, used 25700K [0x00000006c2c00000, 0x00000006c9780000, 0x000000076b980000)
  object space 110080K, 23% used [0x00000006c2c00000,0x00000006c45193f0,0x00000006c9780000)
 Metaspace       used 24315K, capacity 24956K, committed 25008K, reserved 1071104K
  class space    used 2819K, capacity 2957K, committed 2992K, reserved 1048576K
Event: 10.184 GC heap after
Heap after GC invocations=9 (full 1):
 PSYoungGen      total 124928K, used 12929K [0x000000076b980000, 0x0000000774600000, 0x00000007c0000000)
  eden space 107008K, 0% used [0x000000076b980000,0x000000076b980000,0x0000000772200000)
  from space 17920K, 72% used [0x0000000773480000,0x00000007741205b0,0x0000000774600000)
  to   space 18432K, 0% used [0x0000000772200000,0x0000000772200000,0x0000000773400000)
 ParOldGen       total 110080K, used 25708K [0x00000006c2c00000, 0x00000006c9780000, 0x000000076b980000)
  object space 110080K, 23% used [0x00000006c2c00000,0x00000006c451b3f0,0x00000006c9780000)
 Metaspace       used 24315K, capacity 24956K, committed 25008K, reserved 1071104K
  class space    used 2819K, capacity 2957K, committed 2992K, reserved 1048576K
}

Deoptimization events (10 events):
Event: 11.732 Thread 0x000000000051e800 Uncommon trap: reason=unstable_if action=reinterpret pc=0x00000000034f7a74 method=com.sun.tools.javac.code.Symbol$TypeSymbol.formFullName(Lcom/sun/tools/javac/util/Name;Lcom/sun/tools/javac/code/Symbol;)Lcom/sun/tools/javac/util/Name; @ 22
Event: 11.734 Thread 0x000000000051e800 Uncommon trap: reason=unstable_if action=reinterpret pc=0x0000000003cc5d8c method=com.sun.tools.javac.code.Symbol$TypeSymbol.formFullName(Lcom/sun/tools/javac/util/Name;Lcom/sun/tools/javac/code/Symbol;)Lcom/sun/tools/javac/util/Name; @ 22
Event: 11.743 Thread 0x000000000051e800 Uncommon trap: reason=unstable_if action=reinterpret pc=0x0000000003c0332c method=com.sun.tools.javac.code.Type$ClassType.getTypeArguments()Lcom/sun/tools/javac/util/List; @ 15
Event: 11.769 Thread 0x000000000051e800 Uncommon trap: reason=unstable_if action=reinterpret pc=0x0000000003e2f650 method=com.sun.tools.javac.jvm.Code.width(Lcom/sun/tools/javac/code/Type;)I @ 1
Event: 11.769 Thread 0x000000000051e800 Uncommon trap: reason=unstable_if action=reinterpret pc=0x000000000317e124 method=com.sun.tools.javac.util.ListBuffer.append(Ljava/lang/Object;)Lcom/sun/tools/javac/util/ListBuffer; @ 9
Event: 11.824 Thread 0x000000000051e800 Uncommon trap: reason=unstable_if action=reinterpret pc=0x0000000003d2c7c8 method=com.sun.tools.javac.code.Scope.lookup(Lcom/sun/tools/javac/util/Name;Lcom/sun/tools/javac/util/Filter;)Lcom/sun/tools/javac/code/Scope$Entry; @ 19
Event: 11.825 Thread 0x000000000051e800 Uncommon trap: reason=unstable_if action=reinterpret pc=0x0000000003d4120c method=com.sun.tools.javac.code.Scope.lookup(Lcom/sun/tools/javac/util/Name;Lcom/sun/tools/javac/util/Filter;)Lcom/sun/tools/javac/code/Scope$Entry; @ 19
Event: 11.929 Thread 0x000000000051e800 Uncommon trap: reason=unstable_if action=reinterpret pc=0x0000000002ffb24c method=com.sun.tools.javac.util.Convert.chars2utf([CI[BII)I @ 35
Event: 11.932 Thread 0x000000000051e800 Uncommon trap: reason=unstable_if action=reinterpret pc=0x0000000003abc238 method=com.sun.tools.javac.comp.Resolve.findImmediateMemberType(Lcom/sun/tools/javac/comp/Env;Lcom/sun/tools/javac/code/Type;Lcom/sun/tools/javac/util/Name;Lcom/sun/tools/javac/codeOkä·ß'@
Event: 11.937 Thread 0x000000000051e800 Uncommon trap: reason=unstable_if action=reinterpret pc=0x0000000003e4fa60 method=com.sun.tools.javac.jvm.ClassReader.readMethod()Lcom/sun/tools/javac/code/Symbol$MethodSymbol; @ 60

Internal exceptions (10 events):
Event: 7.224 Thread 0x000000000051e800 Implicit null exception at 0x00000000036f68e3 to 0x00000000036f70ad
Event: 7.776 Thread 0x000000000051e800 Exception <a 'java/lang/ClassNotFoundException': com/sun/tools/javac/api/JavacTool> (0x000000076f732f50) thrown at [D:\re\workspace\8-2-build-windows-amd64-cygwin\jdk8u77\6540\hotspot\src\share\vm\classfile\systemDictionary.cpp, line 210]
Event: 8.456 Thread 0x000000000051e800 Exception <a 'java/io/FileNotFoundException'> (0x000000076cef18e0) thrown at [D:\re\workspace\8-2-build-windows-amd64-cygwin\jdk8u77\6540\hotspot\src\share\vm\prims\jni.cpp, line 709]
Event: 8.463 Thread 0x000000000051e800 Exception <a 'java/io/FileNotFoundException'> (0x000000076cf26508) thrown at [D:\re\workspace\8-2-build-windows-amd64-cygwin\jdk8u77\6540\hotspot\src\share\vm\prims\jni.cpp, line 709]
Event: 9.794 Thread 0x000000000051e800 Implicit null exception at 0x0000000003723389 to 0x0000000003723bbd
Event: 9.985 Thread 0x000000000051e800 Implicit null exception at 0x00000000034509b3 to 0x0000000003450ddd
Event: 9.988 Thread 0x000000000051e800 Implicit null exception at 0x0000000003354ed5 to 0x00000000033550d5
Event: 10.221 Thread 0x000000000051e800 Implicit null exception at 0x0000000003b1984f to 0x0000000003b19955
Event: 10.731 Thread 0x000000000051e800 Implicit null exception at 0x00000000033011b3 to 0x0000000003301d29
Event: 10.731 Thread 0x000000000051e800 Implicit null exception at 0x000000000320f45b to 0x000000000320f8e9

Events (10 events):
Event: 11.932 Thread 0x000000000051e800 Uncommon trap: trap_request=0xffffff65 fr.pc=0x0000000003abc238
Event: 11.932 Thread 0x000000000051e800 DEOPT PACKING pc=0x0000000003abc238 sp=0x0000000002a5cd10
Event: 11.932 Thread 0x000000000051e800 DEOPT UNPACKING pc=0x0000000002d8582a sp=0x0000000002a5cce0 mode 2
Event: 11.937 Thread 0x000000000051e800 Uncommon trap: trap_request=0xffffff65 fr.pc=0x0000000003e4fa60
Event: 11.937 Thread 0x000000000051e800 DEOPT PACKING pc=0x0000000003e4fa60 sp=0x0000000002a5b6d0
Event: 11.937 Thread 0x000000000051e800 DEOPT UNPACKING pc=0x0000000002d8582a sp=0x0000000002a5b6b8 mode 2
Event: 11.938 loading class com/sun/tools/javac/tree/TreeInfo$1
Event: 11.938 loading class com/sun/tools/javac/tree/TreeInfo$1 done
Event: 11.945 Executing VM operation: ForceSafepoint
Event: 11.945 Executing VM operation: ForceSafepoint done


Dynamic libraries:
0x00007ff6c7150000 - 0x00007ff6c7187000 	C:\Program Files\Java\jdk1.8.0_77\bin\java.exe
0x00007ffd54a20000 - 0x00007ffd54c0d000 	C:\windows\SYSTEM32\ntdll.dll
0x00007ffd54200000 - 0x00007ffd542b3000 	C:\windows\System32\KERNEL32.DLL
0x00007ffd51150000 - 0x00007ffd513e3000 	C:\windows\System32\KERNELBASE.dll
0x00007ffd53b50000 - 0x00007ffd53bf3000 	C:\windows\System32\ADVAPI32.dll
0x00007ffd52550000 - 0x00007ffd525ee000 	C:\windows\System32\msvcrt.dll
0x00007ffd53f30000 - 0x00007ffd53fce000 	C:\windows\System32\sechost.dll
0x00007ffd52050000 - 0x00007ffd52172000 	C:\windows\System32\RPCRT4.dll
0x00007ffd52330000 - 0x00007ffd524c7000 	C:\windows\System32\USER32.dll
0x00007ffd50dc0000 - 0x00007ffd50de0000 	C:\windows\System32\win32u.dll
0x00007ffd542d0000 - 0x00007ffd542f9000 	C:\windows\System32\GDI32.dll
0x00007ffd50de0000 - 0x00007ffd50f79000 	C:\windows\System32\gdi32full.dll
0x00007ffd51ba0000 - 0x00007ffd51c40000 	C:\windows\System32\msvcp_win.dll
0x00007ffd51030000 - 0x00007ffd5112a000 	C:\windows\System32\ucrtbase.dll
0x00007ffd42520000 - 0x00007ffd42799000 	C:\windows\WinSxS\amd64_microsoft.windows.common-controls_6595b64144ccf1df_6.0.17763.864_none_05b3441807210760\COMCTL32.dll
0x00007ffd53c00000 - 0x00007ffd53f2c000 	C:\windows\System32\combase.dll
0x00007ffd50ae0000 - 0x00007ffd50b5e000 	C:\windows\System32\bcryptPrimitives.dll
0x00007ffd54100000 - 0x00007ffd5412e000 	C:\windows\System32\IMM32.DLL
0x00007ffd29080000 - 0x00007ffd29130000 	C:\Program Files\McAfee\Endpoint Security\Threat Prevention\Ips\EpMPApi.dll
0x00007ffd513f0000 - 0x00007ffd51449000 	C:\windows\System32\WINTRUST.dll
0x00007ffd50a10000 - 0x00007ffd50a22000 	C:\windows\System32\MSASN1.dll
0x00007ffd50be0000 - 0x00007ffd50dbb000 	C:\windows\System32\CRYPT32.dll
0x0000000061fa0000 - 0x0000000061fac000 	C:\Program Files\McAfee\Endpoint Security\Threat Prevention\Ips\EpMPThe.dll
0x00007ffd2c7c0000 - 0x00007ffd2c7f6000 	C:\Program Files\McAfee\Endpoint Security\Threat Prevention\Ips\HIPHandlers64.dll
0x00007ffd51c40000 - 0x00007ffd51c92000 	C:\windows\System32\SHLWAPI.dll
0x000000005cff0000 - 0x000000005d0c2000 	C:\Program Files\Java\jdk1.8.0_77\jre\bin\msvcr100.dll
0x000000005ba90000 - 0x000000005c320000 	C:\Program Files\Java\jdk1.8.0_77\jre\bin\server\jvm.dll
0x00007ffd52040000 - 0x00007ffd52048000 	C:\windows\System32\PSAPI.DLL
0x00007ffd477c0000 - 0x00007ffd477c9000 	C:\windows\SYSTEM32\WSOCK32.dll
0x00007ffd53fd0000 - 0x00007ffd5403d000 	C:\windows\System32\WS2_32.dll
0x00007ffd4ecc0000 - 0x00007ffd4ece4000 	C:\windows\SYSTEM32\WINMM.dll
0x00007ffd46d80000 - 0x00007ffd46d8a000 	C:\windows\SYSTEM32\VERSION.dll
0x00007ffd4ec00000 - 0x00007ffd4ec2d000 	C:\windows\SYSTEM32\winmmbase.dll
0x00007ffd50b60000 - 0x00007ffd50baa000 	C:\windows\System32\cfgmgr32.dll
0x0000000061fb0000 - 0x0000000061fbf000 	C:\Program Files\Java\jdk1.8.0_77\jre\bin\verify.dll
0x0000000061370000 - 0x0000000061399000 	C:\Program Files\Java\jdk1.8.0_77\jre\bin\java.dll
0x0000000060280000 - 0x00000000602a3000 	C:\Program Files\Java\jdk1.8.0_77\jre\bin\instrument.dll
0x0000000060860000 - 0x0000000060876000 	C:\Program Files\Java\jdk1.8.0_77\jre\bin\zip.dll
0x00007ffd52650000 - 0x00007ffd53b44000 	C:\windows\System32\SHELL32.dll
0x00007ffd54050000 - 0x00007ffd540f8000 	C:\windows\System32\shcore.dll
0x00007ffd51450000 - 0x00007ffd51b9d000 	C:\windows\System32\windows.storage.dll
0x00007ffd50a90000 - 0x00007ffd50ab4000 	C:\windows\System32\profapi.dll
0x00007ffd50a30000 - 0x00007ffd50a8d000 	C:\windows\System32\powrprof.dll
0x00007ffd50ac0000 - 0x00007ffd50ad1000 	C:\windows\System32\kernel.appcore.dll
0x00007ffd51130000 - 0x00007ffd51147000 	C:\windows\System32\cryptsp.dll
0x00007ffd41750000 - 0x00007ffd4176a000 	D:\Program Files\JetBrains\IntelliJ IDEA 2019.2.4\bin\breakgen64.dll
0x000000005f560000 - 0x000000005f57a000 	C:\Program Files\Java\jdk1.8.0_77\jre\bin\net.dll
0x00007ffd501d0000 - 0x00007ffd50237000 	C:\windows\system32\mswsock.dll
0x00007ffd4fd60000 - 0x00007ffd4fd93000 	C:\windows\system32\rsaenh.dll
0x00007ffd50bb0000 - 0x00007ffd50bd6000 	C:\windows\System32\bcrypt.dll
0x00007ffd50940000 - 0x00007ffd50968000 	C:\windows\SYSTEM32\USERENV.dll
0x00007ffd50350000 - 0x00007ffd5035c000 	C:\windows\SYSTEM32\CRYPTBASE.dll
0x00007ffd4ff00000 - 0x00007ffd4ff3d000 	C:\windows\SYSTEM32\IPHLPAPI.DLL
0x00007ffd54040000 - 0x00007ffd54048000 	C:\windows\System32\NSI.dll
0x00007ffd47d90000 - 0x00007ffd47da6000 	C:\windows\SYSTEM32\dhcpcsvc6.DLL
0x00007ffd47d70000 - 0x00007ffd47d8c000 	C:\windows\SYSTEM32\dhcpcsvc.DLL
0x00007ffd4ff40000 - 0x00007ffd50006000 	C:\windows\SYSTEM32\DNSAPI.dll
0x000000005f540000 - 0x000000005f551000 	C:\Program Files\Java\jdk1.8.0_77\jre\bin\nio.dll
0x00007ffd3d090000 - 0x00007ffd3d09a000 	C:\Users\01390559\AppData\Local\Temp\jansi-1.17.1-2871790243069212409.dll
0x00007ffd3cfd0000 - 0x00007ffd3cfda000 	C:\Users\01390559\AppData\Local\Temp\jansi-1.17.1-8621295367092876797.dll

VM Arguments:
jvm_args: -Dvisualvm.id=2740270900163500 -Dmaven.multiModuleProjectDirectory=D:\code\test -Dmaven.home=D:\Program Files\JetBrains\IntelliJ IDEA 2019.2.4\plugins\maven\lib\maven3 -Dclassworlds.conf=D:\Program Files\JetBrains\IntelliJ IDEA 2019.2.4\plugins\maven\lib\maven3\bin\m2.conf -Dmaven.ext.class.path=D:\Program Files\JetBrains\IntelliJ IDEA 2019.2.4\plugins\maven\lib\maven-event-listener.jar -javaagent:D:\Program Files\JetBrains\IntelliJ IDEA 2019.2.4\lib\idea_rt.jar=57594:D:\Program Files\JetBrains\IntelliJ IDEA 2019.2.4\bin -Dfile.encoding=UTF-8 
java_command: org.codehaus.classworlds.Launcher -Didea.version2019.3.4 -DskipTests=true install
java_class_path (initial): D:\Program Files\JetBrains\IntelliJ IDEA 2019.2.4\plugins\maven\lib\maven3\boot\plexus-classworlds-2.6.0.jar;D:\Program Files\JetBrains\IntelliJ IDEA 2019.2.4\lib\idea_rt.jar
Launcher Type: SUN_STANDARD

Environment Variables:
JAVA_HOME=C:\Program Files\Java\jdk1.8.0_77
CLASSPATH=.;C:\Program Files\Java\jdk1.8.0_77\bin;C:\Program Files\Java\jdk1.8.0_77\lib\dt.jar;C:\Program Files\Java\jdk1.8.0_77\lib\tools.jar
PATH=C:\ProgramData\Oracle\Java\javapath;C:\Program Files (x86)\Intel\Intel(R) Management Engine Components\iCLS\;C:\Program Files\Intel\Intel(R) Management Engine Components\iCLS\;C:\windows\system32;C:\windows;C:\windows\System32\Wbem;C:\windows\System32\WindowsPowerShell\v1.0\;C:\windows\System32\OpenSSH\;C:\Program Files (x86)\Intel\Intel(R) Management Engine Components\DAL;C:\Program Files\Intel\Intel(R) Management Engine Components\DAL;C:\Program Files (x86)\Intel\Intel(R) Management Engine Components\IPT;C:\Program Files\Intel\Intel(R) Management Engine Components\IPT;C:\Program Files\TortoiseSVN\bin;C:\Program Files\Java\jdk1.8.0_77\bin;C:\Program Files\Java\jdk1.8.0_77\jre\bin;C:\Program Files\SourceGear\Common\DiffMerge\;C:\Program Files\TortoiseGit\bin;C:\ProgramData\nvs;C:\Program Files\Git\cmd;C:\Program Files\Docker\Docker\resources\bin;C:\ProgramData\DockerDesktop\version-bin;C:\Users\01390559\AppData\Local\Microsoft\WindowsApps;C:\Users\01390559\AppData\Local\nvs\
USERNAME=01390559
OS=Windows_NT
PROCESSOR_IDENTIFIER=Intel64 Family 6 Model 158 Stepping 10, GenuineIntel



---------------  S Y S T E M  ---------------

OS: Windows 10.0 , 64 bit Build 17763 (10.0.17763.475)

CPU:total 12 (6 cores per cpu, 2 threads per core) family 6 model 158 stepping 10, cmov, cx8, fxsr, mmx, sse, sse2, sse3, ssse3, sse4.1, sse4.2, popcnt, avx, avx2, aes, clmul, erms, rtm, 3dnowpref, lzcnt, ht, tsc, tscinvbit, bmi1, bmi2, adx

Memory: 4k page, physical 16595728k(2104704k free), swap 34703500k(5324k free)

vm_info: Java HotSpot(TM) 64-Bit Server VM (25.77-b03) for windows-amd64 JRE (1.8.0_77-b03), built on Mar 20 2016 22:01:33 by "java_re" with MS VC++ 10.0 (VS2010)

time: Tue Apr 28 10:56:13 2020
elapsed time: 11 seconds (0d 0h 0m 11s)

