#
# There is insufficient memory for the Java Runtime Environment to continue.
# Native memory allocation (malloc) failed to allocate 1127520 bytes for Chunk::new
# Possible reasons:
#   The system is out of physical RAM or swap space
#   In 32 bit mode, the process size limit was hit
# Possible solutions:
#   Reduce memory load on the system
#   Increase physical memory or swap space
#   Check if swap backing store is full
#   Use 64 bit Java on a 64 bit OS
#   Decrease Java heap size (-Xmx/-Xms)
#   Decrease number of Java threads
#   Decrease Java thread stack sizes (-Xss)
#   Set larger code cache with -XX:ReservedCodeCacheSize=
# This output file may be truncated or incomplete.
#
#  Out of Memory Error (allocation.cpp:390), pid=178324, tid=179136
#
# JRE version: Java(TM) SE Runtime Environment (8.0_77-b03) (build 1.8.0_77-b03)
# Java VM: Java HotSpot(TM) 64-Bit Server VM (25.77-b03 mixed mode windows-amd64 compressed oops)
# Failed to write core dump. Minidumps are not enabled by default on client versions of Windows
#

---------------  T H R E A D  ---------------

Current thread (0x000000001e08b800):  JavaThread "C2 CompilerThread1" daemon [_thread_in_native, id=179136, stack(0x000000001f7c0000,0x000000001f8c0000)]

Stack: [0x000000001f7c0000,0x000000001f8c0000]
[error occurred during error reporting (printing stack bounds), id 0xc0000005]

Native frames: (J=compiled Java code, j=interpreted, Vv=VM code, C=native code)


Current CompileTask:
C2:   6225 4711       4       lombok.javac.JavacAST::buildStatementOrExpression (103 bytes)


---------------  P R O C E S S  ---------------

Java Threads: ( => current thread )
  0x000000001e12b800 JavaThread "Service Thread" daemon [_thread_blocked, id=171848, stack(0x000000001fac0000,0x000000001fbc0000)]
  0x000000001e095000 JavaThread "C1 CompilerThread3" daemon [_thread_blocked, id=178412, stack(0x000000001f9c0000,0x000000001fac0000)]
  0x000000001e094000 JavaThread "C2 CompilerThread2" daemon [_thread_in_native, id=169428, stack(0x000000001f8c0000,0x000000001f9c0000)]
=>0x000000001e08b800 JavaThread "C2 CompilerThread1" daemon [_thread_in_native, id=179136, stack(0x000000001f7c0000,0x000000001f8c0000)]
  0x000000001e088000 JavaThread "C2 CompilerThread0" daemon [_thread_in_native, id=148864, stack(0x000000001f6c0000,0x000000001f7c0000)]
  0x000000001e073000 JavaThread "Monitor Ctrl-Break" daemon [_thread_in_native, id=169340, stack(0x000000001f5c0000,0x000000001f6c0000)]
  0x000000001e061000 JavaThread "Attach Listener" daemon [_thread_blocked, id=175436, stack(0x000000001f4c0000,0x000000001f5c0000)]
  0x000000001e00d800 JavaThread "Signal Dispatcher" daemon [_thread_blocked, id=176492, stack(0x000000001f3c0000,0x000000001f4c0000)]
  0x000000001dff3800 JavaThread "Finalizer" daemon [_thread_blocked, id=172760, stack(0x000000001f260000,0x000000001f360000)]
  0x000000001c92c800 JavaThread "Reference Handler" daemon [_thread_blocked, id=172044, stack(0x000000001f160000,0x000000001f260000)]
  0x0000000002a4e800 JavaThread "main" [_thread_in_native, id=177792, stack(0x0000000002a60000,0x0000000002b60000)]

Other Threads:
  0x000000001c926800 VMThread [stack: 0x000000001f060000,0x000000001f160000] [id=168460]
  0x000000001e17b800 WatcherThread [stack: 0x000000001fbc0000,0x000000001fcc0000] [id=166340]

VM state:not at safepoint (normal execution)

VM Mutex/Monitor currently owned by a thread: None

Heap:
 PSYoungGen      total 117248K, used 32986K [0x000000076b980000, 0x0000000773f80000, 0x00000007c0000000)
  eden space 100352K, 19% used [0x000000076b980000,0x000000076cd092b0,0x0000000771b80000)
  from space 16896K, 76% used [0x0000000772f00000,0x0000000773bad578,0x0000000773f80000)
  to   space 18432K, 0% used [0x0000000771b80000,0x0000000771b80000,0x0000000772d80000)
 ParOldGen       total 115200K, used 25565K [0x00000006c2c00000, 0x00000006c9c80000, 0x000000076b980000)
  object space 115200K, 22% used [0x00000006c2c00000,0x00000006c44f77a0,0x00000006c9c80000)
 Metaspace       used 24375K, capacity 25028K, committed 25264K, reserved 1071104K
  class space    used 2820K, capacity 2960K, committed 2992K, reserved 1048576K

Card table byte_map: [0x0000000012120000,0x0000000012910000] byte_map_base: 0x000000000eb0a000

Marking Bits: (ParMarkBitMap*) 0x000000005c2a0600
 Begin Bits: [0x0000000013860000, 0x00000000177b0000)
 End Bits:   [0x00000000177b0000, 0x000000001b700000)

Polling page: 0x0000000000b70000

CodeCache: size=245760Kb used=14888Kb max_used=14888Kb free=230871Kb
 bounds [0x0000000002d60000, 0x0000000003c00000, 0x0000000011d60000]
 total_blobs=4626 nmethods=4210 adapters=328
 compilation: enabled

Compilation events (10 events):
Event: 6.181 Thread 0x000000001e095000 4840       3       com.sun.tools.javac.jvm.ClassReader::fillIn (150 bytes)
Event: 6.181 Thread 0x000000001e095000 nmethod 4840 0x0000000003bf6c90 code [0x0000000003bf6ee0, 0x0000000003bf7c38]
Event: 6.196 Thread 0x000000001e095000 4841       3       com.sun.tools.javac.jvm.ClassReader::indexPool (260 bytes)
Event: 6.197 Thread 0x000000001e095000 nmethod 4841 0x0000000003bf82d0 code [0x0000000003bf8500, 0x0000000003bf91b8]
Event: 6.197 Thread 0x000000001e095000 4842       3       java.io.ByteArrayInputStream::<init> (26 bytes)
Event: 6.197 Thread 0x000000001e095000 nmethod 4842 0x0000000003bf97d0 code [0x0000000003bf9940, 0x0000000003bf9b90]
Event: 6.203 Thread 0x000000001e095000 4843   !   3       com.sun.tools.javac.comp.Annotate::flush (185 bytes)
Event: 6.204 Thread 0x000000001e095000 nmethod 4843 0x0000000003bf9c90 code [0x0000000003bf9f60, 0x0000000003bfb2b8]
Event: 6.204 Thread 0x000000001e095000 4844       3       com.sun.tools.javac.jvm.ClassReader$1::complete (9 bytes)
Event: 6.204 Thread 0x000000001e095000 nmethod 4844 0x0000000003bfba90 code [0x0000000003bfbc00, 0x0000000003bfbde8]

GC Heap History (10 events):
Event: 3.849 GC heap before
{Heap before GC invocations=5 (full 0):
 PSYoungGen      total 75776K, used 75768K [0x000000076b980000, 0x0000000770e00000, 0x00000007c0000000)
  eden space 65024K, 100% used [0x000000076b980000,0x000000076f900000,0x000000076f900000)
  from space 10752K, 99% used [0x0000000770380000,0x0000000770dfe050,0x0000000770e00000)
  to   space 10752K, 0% used [0x000000076f900000,0x000000076f900000,0x0000000770380000)
 ParOldGen       total 173568K, used 8819K [0x00000006c2c00000, 0x00000006cd580000, 0x000000076b980000)
  object space 173568K, 5% used [0x00000006c2c00000,0x00000006c349ccb8,0x00000006cd580000)
 Metaspace       used 18529K, capacity 19122K, committed 19200K, reserved 1067008K
  class space    used 2141K, capacity 2272K, committed 2304K, reserved 1048576K
Event: 3.856 GC heap after
Heap after GC invocations=5 (full 0):
 PSYoungGen      total 74240K, used 10744K [0x000000076b980000, 0x0000000771b80000, 0x00000007c0000000)
  eden space 63488K, 0% used [0x000000076b980000,0x000000076b980000,0x000000076f780000)
  from space 10752K, 99% used [0x000000076f900000,0x000000077037e030,0x0000000770380000)
  to   space 18432K, 0% used [0x0000000770980000,0x0000000770980000,0x0000000771b80000)
 ParOldGen       total 173568K, used 12876K [0x00000006c2c00000, 0x00000006cd580000, 0x000000076b980000)
  object space 173568K, 7% used [0x00000006c2c00000,0x00000006c38932d8,0x00000006cd580000)
 Metaspace       used 18529K, capacity 19122K, committed 19200K, reserved 1067008K
  class space    used 2141K, capacity 2272K, committed 2304K, reserved 1048576K
}
Event: 3.932 GC heap before
{Heap before GC invocations=6 (full 0):
 PSYoungGen      total 74240K, used 19730K [0x000000076b980000, 0x0000000771b80000, 0x00000007c0000000)
  eden space 63488K, 14% used [0x000000076b980000,0x000000076c2469f8,0x000000076f780000)
  from space 10752K, 99% used [0x000000076f900000,0x000000077037e030,0x0000000770380000)
  to   space 18432K, 0% used [0x0000000770980000,0x0000000770980000,0x0000000771b80000)
 ParOldGen       total 173568K, used 12876K [0x00000006c2c00000, 0x00000006cd580000, 0x000000076b980000)
  object space 173568K, 7% used [0x00000006c2c00000,0x00000006c38932d8,0x00000006cd580000)
 Metaspace       used 20689K, capacity 21234K, committed 21296K, reserved 1069056K
  class space    used 2455K, capacity 2592K, committed 2608K, reserved 1048576K
Event: 3.938 GC heap after
Heap after GC invocations=6 (full 0):
 PSYoungGen      total 81920K, used 11526K [0x000000076b980000, 0x0000000771b80000, 0x00000007c0000000)
  eden space 63488K, 0% used [0x000000076b980000,0x000000076b980000,0x000000076f780000)
  from space 18432K, 62% used [0x0000000770980000,0x00000007714c1860,0x0000000771b80000)
  to   space 10752K, 0% used [0x000000076f900000,0x000000076f900000,0x0000000770380000)
 ParOldGen       total 173568K, used 12884K [0x00000006c2c00000, 0x00000006cd580000, 0x000000076b980000)
  object space 173568K, 7% used [0x00000006c2c00000,0x00000006c38952d8,0x00000006cd580000)
 Metaspace       used 20689K, capacity 21234K, committed 21296K, reserved 1069056K
  class space    used 2455K, capacity 2592K, committed 2608K, reserved 1048576K
}
Event: 3.938 GC heap before
{Heap before GC invocations=7 (full 1):
 PSYoungGen      total 81920K, used 11526K [0x000000076b980000, 0x0000000771b80000, 0x00000007c0000000)
  eden space 63488K, 0% used [0x000000076b980000,0x000000076b980000,0x000000076f780000)
  from space 18432K, 62% used [0x0000000770980000,0x00000007714c1860,0x0000000771b80000)
  to   space 10752K, 0% used [0x000000076f900000,0x000000076f900000,0x0000000770380000)
 ParOldGen       total 173568K, used 12884K [0x00000006c2c00000, 0x00000006cd580000, 0x000000076b980000)
  object space 173568K, 7% used [0x00000006c2c00000,0x00000006c38952d8,0x00000006cd580000)
 Metaspace       used 20689K, capacity 21234K, committed 21296K, reserved 1069056K
  class space    used 2455K, capacity 2592K, committed 2608K, reserved 1048576K
Event: 3.988 GC heap after
Heap after GC invocations=7 (full 1):
 PSYoungGen      total 81920K, used 0K [0x000000076b980000, 0x0000000771b80000, 0x00000007c0000000)
  eden space 63488K, 0% used [0x000000076b980000,0x000000076b980000,0x000000076f780000)
  from space 18432K, 0% used [0x0000000770980000,0x0000000770980000,0x0000000771b80000)
  to   space 10752K, 0% used [0x000000076f900000,0x000000076f900000,0x0000000770380000)
 ParOldGen       total 115200K, used 20071K [0x00000006c2c00000, 0x00000006c9c80000, 0x000000076b980000)
  object space 115200K, 17% used [0x00000006c2c00000,0x00000006c3f99f20,0x00000006c9c80000)
 Metaspace       used 20689K, capacity 21234K, committed 21296K, reserved 1069056K
  class space    used 2455K, capacity 2592K, committed 2608K, reserved 1048576K
}
Event: 5.007 GC heap before
{Heap before GC invocations=8 (full 1):
 PSYoungGen      total 81920K, used 63488K [0x000000076b980000, 0x0000000771b80000, 0x00000007c0000000)
  eden space 63488K, 100% used [0x000000076b980000,0x000000076f780000,0x000000076f780000)
  from space 18432K, 0% used [0x0000000770980000,0x0000000770980000,0x0000000771b80000)
  to   space 10752K, 0% used [0x000000076f900000,0x000000076f900000,0x0000000770380000)
 ParOldGen       total 115200K, used 20071K [0x00000006c2c00000, 0x00000006c9c80000, 0x000000076b980000)
  object space 115200K, 17% used [0x00000006c2c00000,0x00000006c3f99f20,0x00000006c9c80000)
 Metaspace       used 23101K, capacity 23634K, committed 23856K, reserved 1071104K
  class space    used 2663K, capacity 2816K, committed 2864K, reserved 1048576K
Event: 5.013 GC heap after
Heap after GC invocations=8 (full 1):
 PSYoungGen      total 75776K, used 10743K [0x000000076b980000, 0x0000000774180000, 0x00000007c0000000)
  eden space 65024K, 0% used [0x000000076b980000,0x000000076b980000,0x000000076f900000)
  from space 10752K, 99% used [0x000000076f900000,0x000000077037de10,0x0000000770380000)
  to   space 18944K, 0% used [0x0000000772f00000,0x0000000772f00000,0x0000000774180000)
 ParOldGen       total 115200K, used 25557K [0x00000006c2c00000, 0x00000006c9c80000, 0x000000076b980000)
  object space 115200K, 22% used [0x00000006c2c00000,0x00000006c44f57a0,0x00000006c9c80000)
 Metaspace       used 23101K, capacity 23634K, committed 23856K, reserved 1071104K
  class space    used 2663K, capacity 2816K, committed 2864K, reserved 1048576K
}
Event: 6.004 GC heap before
{Heap before GC invocations=9 (full 1):
 PSYoungGen      total 75776K, used 75767K [0x000000076b980000, 0x0000000774180000, 0x00000007c0000000)
  eden space 65024K, 100% used [0x000000076b980000,0x000000076f900000,0x000000076f900000)
  from space 10752K, 99% used [0x000000076f900000,0x000000077037de10,0x0000000770380000)
  to   space 18944K, 0% used [0x0000000772f00000,0x0000000772f00000,0x0000000774180000)
 ParOldGen       total 115200K, used 25557K [0x00000006c2c00000, 0x00000006c9c80000, 0x000000076b980000)
  object space 115200K, 22% used [0x00000006c2c00000,0x00000006c44f57a0,0x00000006c9c80000)
 Metaspace       used 24331K, capacity 25020K, committed 25264K, reserved 1071104K
  class space    used 2818K, capacity 2957K, committed 2992K, reserved 1048576K
Event: 6.009 GC heap after
Heap after GC invocations=9 (full 1):
 PSYoungGen      total 117248K, used 12981K [0x000000076b980000, 0x0000000773f80000, 0x00000007c0000000)
  eden space 100352K, 0% used [0x000000076b980000,0x000000076b980000,0x0000000771b80000)
  from space 16896K, 76% used [0x0000000772f00000,0x0000000773bad578,0x0000000773f80000)
  to   space 18432K, 0% used [0x0000000771b80000,0x0000000771b80000,0x0000000772d80000)
 ParOldGen       total 115200K, used 25565K [0x00000006c2c00000, 0x00000006c9c80000, 0x000000076b980000)
  object space 115200K, 22% used [0x00000006c2c00000,0x00000006c44f77a0,0x00000006c9c80000)
 Metaspace       used 24331K, capacity 25020K, committed 25264K, reserved 1071104K
  class space    used 2818K, capacity 2957K, committed 2992K, reserved 1048576K
}

Deoptimization events (10 events):
Event: 6.046 Thread 0x0000000002a4e800 Uncommon trap: reason=unstable_if action=reinterpret pc=0x0000000002f521d8 method=com.sun.tools.javac.code.Symbol$TypeSymbol.formFlatName(Lcom/sun/tools/javac/util/Name;Lcom/sun/tools/javac/code/Symbol;)Lcom/sun/tools/javac/util/Name; @ 73
Event: 6.047 Thread 0x0000000002a4e800 Uncommon trap: reason=unstable_if action=reinterpret pc=0x00000000032793d0 method=com.sun.tools.javac.tree.TreeScanner.scan(Lcom/sun/tools/javac/util/List;)V @ 1
Event: 6.053 Thread 0x0000000002a4e800 Uncommon trap: reason=speculate_class_check action=maybe_recompile pc=0x000000000360b7c8 method=com.sun.tools.javac.file.JavacFileManager.inferBinaryName(Ljavax/tools/JavaFileManager$Location;Ljavax/tools/JavaFileObject;)Ljava/lang/String; @ 23
Event: 6.053 Thread 0x0000000002a4e800 Uncommon trap: reason=speculate_class_check action=maybe_recompile pc=0x000000000360b7c8 method=com.sun.tools.javac.file.JavacFileManager.inferBinaryName(Ljavax/tools/JavaFileManager$Location;Ljavax/tools/JavaFileObject;)Ljava/lang/String; @ 23
Event: 6.053 Thread 0x0000000002a4e800 Uncommon trap: reason=speculate_class_check action=maybe_recompile pc=0x000000000360b7c8 method=com.sun.tools.javac.file.JavacFileManager.inferBinaryName(Ljavax/tools/JavaFileManager$Location;Ljavax/tools/JavaFileObject;)Ljava/lang/String; @ 23
Event: 6.053 Thread 0x0000000002a4e800 Uncommon trap: reason=speculate_class_check action=maybe_recompile pc=0x000000000360b7c8 method=com.sun.tools.javac.file.JavacFileManager.inferBinaryName(Ljavax/tools/JavaFileManager$Location;Ljavax/tools/JavaFileObject;)Ljava/lang/String; @ 23
Event: 6.059 Thread 0x0000000002a4e800 Uncommon trap: reason=speculate_class_check action=maybe_recompile pc=0x00000000034c0f94 method=com.sun.tools.javac.code.Scope.enter(Lcom/sun/tools/javac/code/Symbol;Lcom/sun/tools/javac/code/Scope;)V @ 5
Event: 6.059 Thread 0x0000000002a4e800 Uncommon trap: reason=speculate_class_check action=maybe_recompile pc=0x00000000034c0f94 method=com.sun.tools.javac.code.Scope.enter(Lcom/sun/tools/javac/code/Symbol;Lcom/sun/tools/javac/code/Scope;)V @ 5
Event: 6.067 Thread 0x0000000002a4e800 Uncommon trap: reason=speculate_class_check action=maybe_recompile pc=0x00000000034c0f94 method=com.sun.tools.javac.code.Scope.enter(Lcom/sun/tools/javac/code/Symbol;Lcom/sun/tools/javac/code/Scope;)V @ 5
Event: 6.067 Thread 0x0000000002a4e800 Uncommon trap: reason=speculate_class_check action=maybe_recompile pc=0x00000000034c0f94 method=com.sun.tools.javac.code.Scope.enter(Lcom/sun/tools/javac/code/Symbol;Lcom/sun/tools/javac/code/Scope;)V @ 5

Internal exceptions (10 events):
Event: 1.966 Thread 0x0000000002a4e800 Implicit null exception at 0x0000000002ffc755 to 0x0000000002ffc959
Event: 1.966 Thread 0x0000000002a4e800 Implicit null exception at 0x000000000315a56f to 0x000000000315a5d9
Event: 2.135 Thread 0x0000000002a4e800 Implicit null exception at 0x00000000035b4b8c to 0x00000000035b6135
Event: 2.990 Thread 0x0000000002a4e800 Implicit null exception at 0x0000000003792a46 to 0x00000000037930d5
Event: 3.427 Thread 0x0000000002a4e800 Implicit null exception at 0x0000000003729663 to 0x0000000003729e29
Event: 3.834 Thread 0x0000000002a4e800 Exception <a 'java/lang/ClassNotFoundException': com/sun/tools/javac/api/JavacTool> (0x000000076f7e2bd8) thrown at [D:\re\workspace\8-2-build-windows-amd64-cygwin\jdk8u77\6540\hotspot\src\share\vm\classfile\systemDictionary.cpp, line 210]
Event: 4.400 Thread 0x0000000002a4e800 Exception <a 'java/io/FileNotFoundException'> (0x000000076cefe040) thrown at [D:\re\workspace\8-2-build-windows-amd64-cygwin\jdk8u77\6540\hotspot\src\share\vm\prims\jni.cpp, line 709]
Event: 4.405 Thread 0x0000000002a4e800 Exception <a 'java/io/FileNotFoundException'> (0x000000076cf32c68) thrown at [D:\re\workspace\8-2-build-windows-amd64-cygwin\jdk8u77\6540\hotspot\src\share\vm\prims\jni.cpp, line 709]
Event: 5.820 Thread 0x0000000002a4e800 Implicit null exception at 0x00000000033f6473 to 0x00000000033f6899
Event: 5.823 Thread 0x0000000002a4e800 Implicit null exception at 0x0000000003363055 to 0x0000000003363255

Events (10 events):
Event: 6.059 Thread 0x0000000002a4e800 DEOPT UNPACKING pc=0x0000000002da582a sp=0x0000000002b5d4c0 mode 2
Event: 6.059 Thread 0x0000000002a4e800 Uncommon trap: trap_request=0xffffff76 fr.pc=0x00000000034c0f94
Event: 6.059 Thread 0x0000000002a4e800 DEOPT PACKING pc=0x00000000034c0f94 sp=0x0000000002b5d590
Event: 6.059 Thread 0x0000000002a4e800 DEOPT UNPACKING pc=0x0000000002da582a sp=0x0000000002b5d4c0 mode 2
Event: 6.067 Thread 0x0000000002a4e800 Uncommon trap: trap_request=0xffffff76 fr.pc=0x00000000034c0f94
Event: 6.067 Thread 0x0000000002a4e800 DEOPT PACKING pc=0x00000000034c0f94 sp=0x0000000002b5d590
Event: 6.067 Thread 0x0000000002a4e800 DEOPT UNPACKING pc=0x0000000002da582a sp=0x0000000002b5d4c0 mode 2
Event: 6.067 Thread 0x0000000002a4e800 Uncommon trap: trap_request=0xffffff76 fr.pc=0x00000000034c0f94
Event: 6.067 Thread 0x0000000002a4e800 DEOPT PACKING pc=0x00000000034c0f94 sp=0x0000000002b5d590
Event: 6.067 Thread 0x0000000002a4e800 DEOPT UNPACKING pc=0x0000000002da582a sp=0x0000000002b5d4c0 mode 2


Dynamic libraries:
0x00007ff6c7150000 - 0x00007ff6c7187000 	C:\Program Files\Java\jdk1.8.0_77\bin\java.exe
0x00007ffd54a20000 - 0x00007ffd54c0d000 	C:\windows\SYSTEM32\ntdll.dll
0x00007ffd54200000 - 0x00007ffd542b3000 	C:\windows\System32\KERNEL32.DLL
0x00007ffd51150000 - 0x00007ffd513e3000 	C:\windows\System32\KERNELBASE.dll
0x00007ffd53b50000 - 0x00007ffd53bf3000 	C:\windows\System32\ADVAPI32.dll
0x00007ffd52550000 - 0x00007ffd525ee000 	C:\windows\System32\msvcrt.dll
0x00007ffd53f30000 - 0x00007ffd53fce000 	C:\windows\System32\sechost.dll
0x00007ffd52050000 - 0x00007ffd52172000 	C:\windows\System32\RPCRT4.dll
0x00007ffd52330000 - 0x00007ffd524c7000 	C:\windows\System32\USER32.dll
0x00007ffd50dc0000 - 0x00007ffd50de0000 	C:\windows\System32\win32u.dll
0x00007ffd542d0000 - 0x00007ffd542f9000 	C:\windows\System32\GDI32.dll
0x00007ffd50de0000 - 0x00007ffd50f79000 	C:\windows\System32\gdi32full.dll
0x00007ffd51ba0000 - 0x00007ffd51c40000 	C:\windows\System32\msvcp_win.dll
0x00007ffd51030000 - 0x00007ffd5112a000 	C:\windows\System32\ucrtbase.dll
0x00007ffd42520000 - 0x00007ffd42799000 	C:\windows\WinSxS\amd64_microsoft.windows.common-controls_6595b64144ccf1df_6.0.17763.864_none_05b3441807210760\COMCTL32.dll
0x00007ffd53c00000 - 0x00007ffd53f2c000 	C:\windows\System32\combase.dll
0x00007ffd50ae0000 - 0x00007ffd50b5e000 	C:\windows\System32\bcryptPrimitives.dll
0x00007ffd54100000 - 0x00007ffd5412e000 	C:\windows\System32\IMM32.DLL
0x00007ffd29080000 - 0x00007ffd29130000 	C:\Program Files\McAfee\Endpoint Security\Threat Prevention\Ips\EpMPApi.dll
0x00007ffd513f0000 - 0x00007ffd51449000 	C:\windows\System32\WINTRUST.dll
0x00007ffd50a10000 - 0x00007ffd50a22000 	C:\windows\System32\MSASN1.dll
0x00007ffd50be0000 - 0x00007ffd50dbb000 	C:\windows\System32\CRYPT32.dll
0x0000000061fa0000 - 0x0000000061fac000 	C:\Program Files\McAfee\Endpoint Security\Threat Prevention\Ips\EpMPThe.dll
0x00007ffd2c7c0000 - 0x00007ffd2c7f6000 	C:\Program Files\McAfee\Endpoint Security\Threat Prevention\Ips\HIPHandlers64.dll
0x00007ffd51c40000 - 0x00007ffd51c92000 	C:\windows\System32\SHLWAPI.dll
0x000000005cff0000 - 0x000000005d0c2000 	C:\Program Files\Java\jdk1.8.0_77\jre\bin\msvcr100.dll
0x000000005ba90000 - 0x000000005c320000 	C:\Program Files\Java\jdk1.8.0_77\jre\bin\server\jvm.dll
0x00007ffd52040000 - 0x00007ffd52048000 	C:\windows\System32\PSAPI.DLL
0x00007ffd477c0000 - 0x00007ffd477c9000 	C:\windows\SYSTEM32\WSOCK32.dll
0x00007ffd53fd0000 - 0x00007ffd5403d000 	C:\windows\System32\WS2_32.dll
0x00007ffd4ecc0000 - 0x00007ffd4ece4000 	C:\windows\SYSTEM32\WINMM.dll
0x00007ffd46d80000 - 0x00007ffd46d8a000 	C:\windows\SYSTEM32\VERSION.dll
0x00007ffd4ec00000 - 0x00007ffd4ec2d000 	C:\windows\SYSTEM32\winmmbase.dll
0x00007ffd50b60000 - 0x00007ffd50baa000 	C:\windows\System32\cfgmgr32.dll
0x0000000061fb0000 - 0x0000000061fbf000 	C:\Program Files\Java\jdk1.8.0_77\jre\bin\verify.dll
0x0000000061370000 - 0x0000000061399000 	C:\Program Files\Java\jdk1.8.0_77\jre\bin\java.dll
0x0000000060280000 - 0x00000000602a3000 	C:\Program Files\Java\jdk1.8.0_77\jre\bin\instrument.dll
0x0000000060860000 - 0x0000000060876000 	C:\Program Files\Java\jdk1.8.0_77\jre\bin\zip.dll
0x00007ffd52650000 - 0x00007ffd53b44000 	C:\windows\System32\SHELL32.dll
0x00007ffd54050000 - 0x00007ffd540f8000 	C:\windows\System32\shcore.dll
0x00007ffd51450000 - 0x00007ffd51b9d000 	C:\windows\System32\windows.storage.dll
0x00007ffd50a90000 - 0x00007ffd50ab4000 	C:\windows\System32\profapi.dll
0x00007ffd50a30000 - 0x00007ffd50a8d000 	C:\windows\System32\powrprof.dll
0x00007ffd50ac0000 - 0x00007ffd50ad1000 	C:\windows\System32\kernel.appcore.dll
0x00007ffd51130000 - 0x00007ffd51147000 	C:\windows\System32\cryptsp.dll
0x00007ffd36d40000 - 0x00007ffd36d5a000 	D:\Program Files\JetBrains\IntelliJ IDEA 2019.2.4\bin\breakgen64.dll
0x000000005f560000 - 0x000000005f57a000 	C:\Program Files\Java\jdk1.8.0_77\jre\bin\net.dll
0x00007ffd501d0000 - 0x00007ffd50237000 	C:\windows\system32\mswsock.dll
0x00007ffd4fd60000 - 0x00007ffd4fd93000 	C:\windows\system32\rsaenh.dll
0x00007ffd50bb0000 - 0x00007ffd50bd6000 	C:\windows\System32\bcrypt.dll
0x00007ffd50940000 - 0x00007ffd50968000 	C:\windows\SYSTEM32\USERENV.dll
0x00007ffd50350000 - 0x00007ffd5035c000 	C:\windows\SYSTEM32\CRYPTBASE.dll
0x00007ffd4ff00000 - 0x00007ffd4ff3d000 	C:\windows\SYSTEM32\IPHLPAPI.DLL
0x00007ffd54040000 - 0x00007ffd54048000 	C:\windows\System32\NSI.dll
0x00007ffd47d90000 - 0x00007ffd47da6000 	C:\windows\SYSTEM32\dhcpcsvc6.DLL
0x00007ffd47d70000 - 0x00007ffd47d8c000 	C:\windows\SYSTEM32\dhcpcsvc.DLL
0x00007ffd4ff40000 - 0x00007ffd50006000 	C:\windows\SYSTEM32\DNSAPI.dll
0x000000005f540000 - 0x000000005f551000 	C:\Program Files\Java\jdk1.8.0_77\jre\bin\nio.dll
0x00007ffd3d090000 - 0x00007ffd3d09a000 	C:\Users\01390559\AppData\Local\Temp\jansi-1.17.1-4695731107504911098.dll
0x00007ffd3cfd0000 - 0x00007ffd3cfda000 	C:\Users\01390559\AppData\Local\Temp\jansi-1.17.1-443043676583300460.dll

VM Arguments:
jvm_args: -Dvisualvm.id=2740514416377700 -Dmaven.multiModuleProjectDirectory=D:\code\test -Dmaven.home=D:\Program Files\JetBrains\IntelliJ IDEA 2019.2.4\plugins\maven\lib\maven3 -Dclassworlds.conf=D:\Program Files\JetBrains\IntelliJ IDEA 2019.2.4\plugins\maven\lib\maven3\bin\m2.conf -Dmaven.ext.class.path=D:\Program Files\JetBrains\IntelliJ IDEA 2019.2.4\plugins\maven\lib\maven-event-listener.jar -javaagent:D:\Program Files\JetBrains\IntelliJ IDEA 2019.2.4\lib\idea_rt.jar=57644:D:\Program Files\JetBrains\IntelliJ IDEA 2019.2.4\bin -Dfile.encoding=UTF-8 
java_command: org.codehaus.classworlds.Launcher -Didea.version2019.3.4 -DskipTests=true install
java_class_path (initial): D:\Program Files\JetBrains\IntelliJ IDEA 2019.2.4\plugins\maven\lib\maven3\boot\plexus-classworlds-2.6.0.jar;D:\Program Files\JetBrains\IntelliJ IDEA 2019.2.4\lib\idea_rt.jar
Launcher Type: SUN_STANDARD

Environment Variables:
JAVA_HOME=C:\Program Files\Java\jdk1.8.0_77
CLASSPATH=.;C:\Program Files\Java\jdk1.8.0_77\bin;C:\Program Files\Java\jdk1.8.0_77\lib\dt.jar;C:\Program Files\Java\jdk1.8.0_77\lib\tools.jar
PATH=C:\ProgramData\Oracle\Java\javapath;C:\Program Files (x86)\Intel\Intel(R) Management Engine Components\iCLS\;C:\Program Files\Intel\Intel(R) Management Engine Components\iCLS\;C:\windows\system32;C:\windows;C:\windows\System32\Wbem;C:\windows\System32\WindowsPowerShell\v1.0\;C:\windows\System32\OpenSSH\;C:\Program Files (x86)\Intel\Intel(R) Management Engine Components\DAL;C:\Program Files\Intel\Intel(R) Management Engine Components\DAL;C:\Program Files (x86)\Intel\Intel(R) Management Engine Components\IPT;C:\Program Files\Intel\Intel(R) Management Engine Components\IPT;C:\Program Files\TortoiseSVN\bin;C:\Program Files\Java\jdk1.8.0_77\bin;C:\Program Files\Java\jdk1.8.0_77\jre\bin;C:\Program Files\SourceGear\Common\DiffMerge\;C:\Program Files\TortoiseGit\bin;C:\ProgramData\nvs;C:\Program Files\Git\cmd;C:\Program Files\Docker\Docker\resources\bin;C:\ProgramData\DockerDesktop\version-bin;C:\Users\01390559\AppData\Local\Microsoft\WindowsApps;C:\Users\01390559\AppData\Local\nvs\
USERNAME=01390559
OS=Windows_NT
PROCESSOR_IDENTIFIER=Intel64 Family 6 Model 158 Stepping 10, GenuineIntel



---------------  S Y S T E M  ---------------

OS: Windows 10.0 , 64 bit Build 17763 (10.0.17763.475)

CPU:total 12 (6 cores per cpu, 2 threads per core) family 6 model 158 stepping 10, cmov, cx8, fxsr, mmx, sse, sse2, sse3, ssse3, sse4.1, sse4.2, popcnt, avx, avx2, aes, clmul, erms, rtm, 3dnowpref, lzcnt, ht, tsc, tscinvbit, bmi1, bmi2, adx

Memory: 4k page, physical 16595728k(2028416k free), swap 34703500k(6084k free)

vm_info: Java HotSpot(TM) 64-Bit Server VM (25.77-b03) for windows-amd64 JRE (1.8.0_77-b03), built on Mar 20 2016 22:01:33 by "java_re" with MS VC++ 10.0 (VS2010)

time: Tue Apr 28 11:00:11 2020
elapsed time: 6 seconds (0d 0h 0m 6s)

